cl : command line warning D9025: overriding '/MTd' with '/MDd'
  binary.cpp
  graphbuilder.cpp
  graphbuilderadapter.cpp
  convert.cpp
  depthguard.cpp
  directives.cpp
  emit.cpp
  emitfromevents.cpp
  emitter.cpp
  emitterstate.cpp
  emitterutils.cpp
  exceptions.cpp
  exp.cpp
  memory.cpp
  node.cpp
  node_data.cpp
  nodebuilder.cpp
  nodeevents.cpp
  null.cpp
  ostream_wrapper.cpp
  Generating Code...
  Compiling...
  parse.cpp
  parser.cpp
  regex_yaml.cpp
  scanner.cpp
  scanscalar.cpp
  scantag.cpp
  scantoken.cpp
  simplekey.cpp
  singledocparser.cpp
  stream.cpp
  tag.cpp
  Generating Code...
  yaml.vcxproj -> D:\00_PROJECT\Practice\Tengine\dependencies\yaml\bin\Debug-windows-x86_64\yaml\yaml.lib
